0 info it worked if it ends with ok
1 verbose cli [ '/usr/bin/node', '/usr/bin/npm', 'install', '-g', 'grund-cli' ]
2 info using npm@1.4.28
3 info using node@v0.10.40
4 verbose node symlink /usr/bin/node
5 verbose cache add [ 'grund-cli', null ]
6 verbose cache add name=undefined spec="grund-cli" args=["grund-cli",null]
7 verbose parsed url { protocol: null,
7 verbose parsed url   slashes: null,
7 verbose parsed url   auth: null,
7 verbose parsed url   host: null,
7 verbose parsed url   port: null,
7 verbose parsed url   hostname: null,
7 verbose parsed url   hash: null,
7 verbose parsed url   search: null,
7 verbose parsed url   query: null,
7 verbose parsed url   pathname: 'grund-cli',
7 verbose parsed url   path: 'grund-cli',
7 verbose parsed url   href: 'grund-cli' }
8 silly lockFile 024fa52f-grund-cli grund-cli
9 verbose lock grund-cli /home/vagrant/.npm/024fa52f-grund-cli.lock
10 silly lockFile 024fa52f-grund-cli grund-cli
11 silly lockFile 024fa52f-grund-cli grund-cli
12 verbose addNamed [ 'grund-cli', '' ]
13 verbose addNamed [ null, '*' ]
14 silly lockFile 6c0fe87a-grund-cli grund-cli@
15 verbose lock grund-cli@ /home/vagrant/.npm/6c0fe87a-grund-cli.lock
16 silly addNameRange { name: 'grund-cli', range: '*', hasData: false }
17 verbose request where is /grund-cli
18 verbose request registry https://registry.npmjs.org/
19 verbose request id e745e98feb03344c
20 verbose url raw /grund-cli
21 verbose url resolving [ 'https://registry.npmjs.org/', './grund-cli' ]
22 verbose url resolved https://registry.npmjs.org/grund-cli
23 verbose request where is https://registry.npmjs.org/grund-cli
24 info trying registry request attempt 1 at 15:31:05
25 http GET https://registry.npmjs.org/grund-cli
26 http 404 https://registry.npmjs.org/grund-cli
27 silly registry.get cb [ 404,
27 silly registry.get   { 'content-type': 'application/json',
27 silly registry.get     'cache-control': 'max-age=0',
27 silly registry.get     'content-length': '2',
27 silly registry.get     'accept-ranges': 'bytes',
27 silly registry.get     date: 'Tue, 15 Sep 2015 15:31:05 GMT',
27 silly registry.get     via: '1.1 varnish',
27 silly registry.get     age: '0',
27 silly registry.get     connection: 'keep-alive',
27 silly registry.get     'x-served-by': 'cache-fra1251-FRA',
27 silly registry.get     'x-cache': 'MISS',
27 silly registry.get     'x-cache-hits': '0',
27 silly registry.get     'x-timer': 'S1442331065.698132,VS0,VE183' } ]
28 silly lockFile 6c0fe87a-grund-cli grund-cli@
29 silly lockFile 6c0fe87a-grund-cli grund-cli@
30 error 404 Not Found
30 error 404
30 error 404 'grund-cli' is not in the npm registry.
30 error 404 You should bug the author to publish it
30 error 404
30 error 404 Note that you can also install from a
30 error 404 tarball, folder, or http url, or git url.
31 error System Linux 3.2.0-23-generic-pae
32 error command "/usr/bin/node" "/usr/bin/npm" "install" "-g" "grund-cli"
33 error cwd /vagrant
34 error node -v v0.10.40
35 error npm -v 1.4.28
36 error code E404
37 verbose exit [ 1, true ]
